<?xml version="1.0" encoding="UTF-8"?>
<!-- Generated by org.testng.reporters.JUnitReportReporter -->
<testsuite hostname="Welcome-PC" name="com.QA.log4j.concept.Log4jTest" tests="2" failures="0" timestamp="4 Oct 2021 05:32:00 GMT" time="59.044" errors="0">
  <testcase name="getFreeCRMTitleTest" time="26.425" classname="com.QA.log4j.concept.Log4jTest"/>
  <testcase name="getFreeCRMLogo" time="32.619" classname="com.QA.log4j.concept.Log4jTest"/>
</testsuite> <!-- com.QA.log4j.concept.Log4jTest -->
